<?xml version="1.0" encoding="UTF-8"?>
<!-- Generated by org.testng.reporters.JUnitReportReporter -->
<testsuite hostname="RJ-DV-010" name="br.com.codigo.b.YouOk" tests="5" failures="0" timestamp="11 Jan 2013 16:47:20 GMT" time="8.544" errors="0">
  <testcase name="level3" time="0.006" classname="br.com.codigo.b.YouOk"/>
  <testcase name="testYoukPasswordOk" time="8.509" classname="br.com.codigo.b.YouOk"/>
  <testcase name="level0" time="0.001" classname="br.com.codigo.b.YouOk"/>
  <testcase name="level2" time="0.001" classname="br.com.codigo.b.YouOk"/>
  <testcase name="testTitleOk" time="0.027" classname="br.com.codigo.b.YouOk"/>
</testsuite> <!-- br.com.codigo.b.YouOk -->
