<?xml version="1.0" encoding="UTF-8"?>
<!-- Generated by org.testng.reporters.JUnitReportReporter -->
<testsuite hostname="RJ-DV-063" name="br.com.codigo.b.YouOk" tests="4" failures="0" timestamp="11 Jan 2013 17:55:42 GMT" time="8.259" errors="0">
  <testcase name="testTitleOk" time="5.003" classname="br.com.codigo.b.YouOk"/>
  <testcase name="level3" time="0.001" classname="br.com.codigo.b.YouOk"/>
  <testcase name="testYoukPasswordOk" time="3.254" classname="br.com.codigo.b.YouOk"/>
  <testcase name="level2" time="0.001" classname="br.com.codigo.b.YouOk"/>
</testsuite> <!-- br.com.codigo.b.YouOk -->
