<?xml version="1.0" encoding="UTF-8"?>
<!-- Generated by org.testng.reporters.JUnitReportReporter -->
<testsuite hostname="RJ-DV-010" name="br.com.codigo.b.YouK" tests="4" failures="0" timestamp="11 Jan 2013 16:17:49 GMT" time="3.444" errors="0">
  <testcase name="testYoukPasswordLock" time="3.396" classname="br.com.codigo.b.YouK"/>
  <testcase name="level3" time="0.000" classname="br.com.codigo.b.YouK"/>
  <testcase name="level2" time="0.000" classname="br.com.codigo.b.YouK"/>
  <testcase name="testTitleError" time="0.048" classname="br.com.codigo.b.YouK"/>
</testsuite> <!-- br.com.codigo.b.YouK -->
